[ AutoCAD - Fri Oct 06 14:37:43 2023  ]----------------------------------------
No duplicate nodes or insulation nodalization warnings found

Calculating SINDA/FLUINT data
Calculating Thermal Analyzer Input took 0.07 sec

Outputting SINDA/FLUINT data
Outputting data for submodel AAAA...
Outputting data for submodel BBBB...
Outputting data for submodel CCCC...
Outputting data for submodel DDDD...
Outputting data for submodel GLOBAL...
Outputting data for submodel MAIN...
Outputting data for submodel TDPROPS...
    Number of nodes:      12
    Number of conductors: 11
    
Total Nodal Mass = 13.300617 kg

Warning: User has specified MIXARRAY in Header Options
         It is recommended to only be turned on when using arrays
         that mix integer and real values.
         Note that bivariate input arrays work correctly with MIXARRAY=0

*** Running SINDA model named C:\Users\rpkar\Documents\GitHub\Structure-Thermal-Desktop\Reference Files and Tutorials\CRTech Tutorials\2_ModelBrowser_63\case0.inp
Successful completion of processor
From C:\Users\rpkar\Documents\GitHub\Structure-Thermal-Desktop\Reference Files and Tutorials\CRTech Tutorials\2_ModelBrowser_63\messages_case0.log
     LOOPCT =               4  The ASTAP execution time is:   0.726023400000031       seconds
Time to run SINDA = 14.40 sec

Case Set Solved::Elapsed time = 16.17 sec
