[ AutoCAD - Fri Mar 03 17:35:58 2023  ]----------------------------------------
No duplicate nodes or insulation nodalization warnings found

Calculating SINDA/FLUINT data
Calculating Thermal Analyzer Input took 0.21 sec

Outputting SINDA/FLUINT data
Outputting data for submodel COMPONENT_1...
Outputting data for submodel GLOBAL...
Outputting data for submodel MAIN...
Outputting data for submodel MRW...
Outputting data for submodel SPACE...
Outputting data for submodel STRUCTURE...
Outputting data for submodel XNEG...
Outputting data for submodel XPOS...
Outputting data for submodel YNEG...
Outputting data for submodel YPOS...
Outputting data for submodel ZNEG...
Outputting data for submodel ZPOS...
    Number of nodes:      153
    Number of conductors: 317
    
Total Nodal Mass = 2.255796 kg


*** RADCAD RAYTRACE HEATING RATES RUN START for database EXTERNAL_HR-Survivability_Test-OpticalDataCustom.rch
Database already exists, checking to see if the model has changed...
Outputting SINDA/FLUINT heating rate data to files:
    C3A0.hra for arrays and C3A0.hrl for logic...
Restart was successful. No calculations were performed.


*** RADCAD RAYTRACE RADK RUN START for database EXTERNAL_RDK-OpticalDataCustom.rck
Database already exists, checking to see if the model has changed...
File C3A1.k not found, will regenerate
Outputting SINDA data to C3A1.k
Restart was successful. No calculations were performed.
    150 calculation nodes
    150 radks were output, 0 radks were filtered out
    0 nodes(0%) have bij sum + bij inactive < .9
    5000 average number of rays per node shot
     
    No overlapping surfaces greater than 10.0% found in EXTERNAL_RDK


*** RADCAD RAYTRACE RADK RUN START for database INTERNAL_RDK-OpticalDataCustom.rck
Database already exists, checking to see if the model has changed...
File C3A2.k not found, will regenerate
Outputting SINDA data to C3A2.k
Restart was successful. No calculations were performed.
    152 calculation nodes
    6788 radks were output, 1221 radks were filtered out
    0 nodes(0%) have bij sum + bij inactive < .9
    5000 average number of rays per node shot
     
    No overlapping surfaces greater than 10.0% found in INTERNAL_RDK

*** Running SINDA model named C:\Users\rpkar\Documents\Working CubeSat Model\case3.inp
Successful completion of processor
From C:\Users\rpkar\Documents\Working CubeSat Model\messages_case3.log
     TIMEN  =    252981.4      *** WARNING *** TRANSIENT BACKING UP EXCESSIVELY: LOWER DTIMEH OR DTMPCA
     TIMEN  =    252981.4      MODEL: YNEG  DIFF NODE        12
     TIMEN  =    413793.8      *** WARNING *** TRANSIENT BACKING UP EXCESSIVELY: LOWER DTIMEH OR DTMPCA
     TIMEN  =    413793.8      MODEL: XNEG  DIFF NODE        13
     TIMEN  =    604800.0      The ASTAP execution time is:    89.6569952999998       seconds
Time to run SINDA = 94.38 sec

Case Set Solved::Elapsed time = 95.91 sec
